Build started 05/07/2012 16:18:05.
     1>Project "C:\Users\max\Desktop\EasyWebCam\OpencV\OpencV.vcxproj" on node 2 (build target(s)).
     1>InitializeBuildStatus:
         Creating "Release\OpencV.unsuccessfulbuild" because "AlwaysCreate" was specified.
       ClCompile:
         All outputs are up-to-date.
         C:\Program Files\Microsoft Visual Studio 10.0\VC\bin\CL.exe /c /I"C:\Program Files\opencv\include\\" /I"C:\Program Files\opencv\include\opencv2" /Zi /nologo /W3 /WX- /O2 /Oi /Oy- /GL /D WIN32 /D NDEBUG /D _CONSOLE /D _MBCS /Gm- /EHsc /MD /GS /Gy /fp:precise /Zc:wchar_t /Zc:forScope /Yu"StdAfx.h" /Fp"Release\OpencV.pch" /Fo"Release\\" /Fd"Release\vc100.pdb" /Gd /TP /analyze- /errorReport:prompt OpencV.cpp
         OpencV.cpp
     1>c:\program files\opencv\build\include\opencv2\flann\logger.h(66): warning C4996: 'fopen': This function or variable may be unsafe. Consider using fopen_s instead. To disable deprecation, use _CRT_SECURE_NO_WARNINGS. See online help for details.
                 C:\Program Files\Microsoft Visual Studio 10.0\VC\include\stdio.h(234) : see declaration of 'fopen'
       Link:
         C:\Program Files\Microsoft Visual Studio 10.0\VC\bin\link.exe /ERRORREPORT:PROMPT /OUT:"C:\Users\max\Desktop\EasyWebCam\WinFormCharpWebCam\Release\OpencV.exe" /INCREMENTAL:NO /NOLOGO /LIBPATH:"C:\Program Files\opencv\build\lib" /LIBPATH:"C:\Program Files\opencv\build\lib\Release" opencv_calib3d240.lib opencv_core240.lib opencv_contrib240.lib opencv_features2d240.lib opencv_flann240.lib opencv_gpu240.lib opencv_haartraining_engine.lib opencv_highgui240.lib opencv_imgproc240.lib opencv_legacy240.lib opencv_ml240.lib opencv_nonfree240.lib opencv_objdetect240.lib opencv_photo240.lib opencv_stitching240.lib opencv_ts240.lib opencv_video240.lib opencv_videostab240.lib kernel32.lib user32.lib gdi32.lib winspool.lib comdlg32.lib advapi32.lib shell32.lib ole32.lib oleaut32.lib uuid.lib odbc32.lib odbccp32.lib /MANIFEST /ManifestFile:"Release\OpencV.exe.intermediate.manifest" /MANIFESTUAC:"level='asInvoker' uiAccess='false'" /DEBUG /PDB:"C:\Users\max\Desktop\EasyWebCam\WinFormCharpWebCam\Release\OpencV.pdb" /SUBSYSTEM:CONSOLE /OPT:REF /OPT:ICF /LTCG /TLBID:1 /DYNAMICBASE /NXCOMPAT /IMPLIB:"C:\Users\max\Desktop\EasyWebCam\WinFormCharpWebCam\Release\OpencV.lib" /MACHINE:X86 Release\OpencV.obj
         Release\stdafx.obj
         Generating code
         Finished generating code
         OpencV.vcxproj -> C:\Users\max\Desktop\EasyWebCam\WinFormCharpWebCam\Release\OpencV.exe
       Manifest:
         c:\Program Files\Microsoft SDKs\Windows\v7.0A\bin\mt.exe /nologo /verbose /outputresource:"C:\Users\max\Desktop\EasyWebCam\WinFormCharpWebCam\Release\OpencV.exe;#1" /manifest Release\OpencV.exe.intermediate.manifest
       FinalizeBuildStatus:
         Deleting file "Release\OpencV.unsuccessfulbuild".
         Touching "Release\OpencV.lastbuildstate".
     1>Done Building Project "C:\Users\max\Desktop\EasyWebCam\OpencV\OpencV.vcxproj" (build target(s)).

Build succeeded.

Time Elapsed 00:00:03.04
